2012/12/7 星期五 23:45:09  Terminating Threads... 
2012/12/7 星期五 23:45:24  Navigating ...
2012/12/7 星期五 23:45:31  Terminating Threads... 
2012/12/7 星期五 23:45:43  Navigating ...
2012/12/7 星期五 23:46:41  POST  http://www.baidu.com/s^wd=!S!WCRTESTINPUT000000!E!&rsv_bp=0&rsv_spt=3&s_btn s_btn_h=??????  String URL1 Null
2012/12/7 星期五 23:46:41  POST  http://www.baidu.com/gaoji/preferences.html^SU=&NR=10&ime=1  Integer URL1 Null
2012/12/7 星期五 23:48:21  POST  http://www.baidu.com/gaoji/preferences.html^SU=&NR=10&ime=1  String URL1 Null
2012/12/7 星期五 23:48:21  POST  http://www.baidu.com/s^wd=!S!WCRTESTINPUT000000!E!&rsv_bp=0&rsv_spt=3&s_btn s_btn_h=  Search URL1 Null
2012/12/7 星期五 23:50:01  POST  http://www.baidu.com/gaoji/preferences.html^SU=&NR=10&ime=  Search URL1 Null
2012/12/7 星期五 23:50:01  POST  http://www.baidu.com/s^rsv_bp=0&rsv_spt=3&s_btn s_btn_h=??????&wd=!S!WCRTESTINPUT000000!E!  String URL1 Null
2012/12/7 星期五 23:51:41  POST  http://www.baidu.com/s^rsv_bp=0&rsv_spt=3&s_btn s_btn_h=??????&wd=1  Integer URL1 Null
2012/12/7 星期五 23:51:41  POST  http://www.baidu.com/gaoji/preferences.html^ime=1&SU=&NR=10  Integer URL1 Null
2012/12/7 星期五 23:53:21  POST  http://www.baidu.com/s^rsv_bp=0&rsv_spt=3&s_btn s_btn_h=??????&wd=1  String URL1 Null
2012/12/7 星期五 23:53:21  POST  http://www.baidu.com/gaoji/preferences.html^ime=1&SU=&NR=10  String URL1 Null
2012/12/7 星期五 23:55:01  POST  http://www.baidu.com/gaoji/preferences.html^ime=1&SU=&NR=  Search URL1 Null
2012/12/7 星期五 23:55:01  POST  http://www.baidu.com/s^rsv_bp=0&rsv_spt=3&s_btn s_btn_h=??????&wd=99999999  Integer URL1 Null
2012/12/7 星期五 23:56:41  POST  http://www.baidu.com/gaoji/preferences.html^SU=&NR=10&ime=1  Integer URL1 Null
2012/12/7 星期五 23:56:41  POST  http://www.baidu.com/s^rsv_bp=0&rsv_spt=3&s_btn s_btn_h=??????&wd=99999999  String URL1 Null
2012/12/7 星期五 23:58:21  POST  http://www.baidu.com/s^rsv_bp=0&rsv_spt=3&s_btn s_btn_h=??????&wd=99999999  String URL1 Null
2012/12/7 星期五 23:58:21  POST  http://www.baidu.com/gaoji/preferences.html^SU=&NR=10&ime=1  String URL1 Null
